# JRE version: Java(TM) SE Runtime Environment (8.0_72-b15) (build 1.8.0_72-b15)
# Java VM: Java HotSpot(TM) 64-Bit Server VM (25.72-b15 mixed mode bsd-amd64 compressed oops)
Heap:
 PSYoungGen      total 2364928K, used 232057K [0x00000006eab00000, 0x00000007c0000000, 0x00000007c0000000)
  eden space 2132992K, 0% used [0x00000006eab00000,0x00000006eab218d0,0x000000076ce00000)
  from space 231936K, 99% used [0x000000076ce00000,0x000000077b07ce00,0x000000077b080000)
  to   space 688640K, 0% used [0x0000000795f80000,0x0000000795f80000,0x00000007c0000000)
 ParOldGen       total 6990848K, used 6647717K [0x0000000540000000, 0x00000006eab00000, 0x00000006eab00000)
  object space 6990848K, 95% used [0x0000000540000000,0x00000006d5be9690,0x00000006eab00000)
 Metaspace       used 60461K, capacity 60964K, committed 61592K, reserved 1103872K
  class space    used 7623K, capacity 7757K, committed 7848K, reserved 1048576K
GC Heap History (10 events):
Event: 21983.933 GC heap before
{Heap before GC invocations=239 (full 12):
 PSYoungGen      total 2815488K, used 2552227K [0x00000006eab00000, 0x00000007c0000000, 0x00000007c0000000)
  eden space 2124288K, 100% used [0x00000006eab00000,0x000000076c580000,0x000000076c580000)
  from space 691200K, 61% used [0x0000000795d00000,0x00000007afee8d60,0x00000007c0000000)
  to   space 679424K, 0% used [0x000000076c580000,0x000000076c580000,0x0000000795d00000)
 ParOldGen       total 6990848K, used 6446870K [0x0000000540000000, 0x00000006eab00000, 0x00000006eab00000)
  object space 6990848K, 92% used [0x0000000540000000,0x00000006c97c58e0,0x00000006eab00000)
 Metaspace       used 60449K, capacity 60900K, committed 61336K, reserved 1103872K
  class space    used 7623K, capacity 7757K, committed 7848K, reserved 1048576K
Event: 21986.876 GC heap after
Heap after GC invocations=239 (full 12):
 PSYoungGen      total 2803712K, used 396854K [0x00000006eab00000, 0x00000007c0000000, 0x00000007c0000000)
  eden space 2124288K, 0% used [0x00000006eab00000,0x00000006eab00000,0x000000076c580000)
  from space 679424K, 58% used [0x000000076c580000,0x000000078490db50,0x0000000795d00000)
  to   space 673280K, 0% used [0x0000000796e80000,0x0000000796e80000,0x00000007c0000000)
 ParOldGen       total 6990848K, used 6478510K [0x0000000540000000, 0x00000006eab00000, 0x00000006eab00000)
  object space 6990848K, 92% used [0x0000000540000000,0x00000006cb6ab8e0,0x00000006eab00000)
 Metaspace       used 60449K, capacity 60900K, committed 61336K, reserved 1103872K
  class space    used 7623K, capacity 7757K, committed 7848K, reserved 1048576K
}
Event: 23853.093 GC heap before
{Heap before GC invocations=240 (full 12):
 PSYoungGen      total 2803712K, used 2521142K [0x00000006eab00000, 0x00000007c0000000, 0x00000007c0000000)
  eden space 2124288K, 100% used [0x00000006eab00000,0x000000076c580000,0x000000076c580000)
  from space 679424K, 58% used [0x000000076c580000,0x000000078490db50,0x0000000795d00000)
  to   space 673280K, 0% used [0x0000000796e80000,0x0000000796e80000,0x00000007c0000000)
 ParOldGen       total 6990848K, used 6478510K [0x0000000540000000, 0x00000006eab00000, 0x00000006eab00000)
  object space 6990848K, 92% used [0x0000000540000000,0x00000006cb6ab8e0,0x00000006eab00000)
 Metaspace       used 60449K, capacity 60900K, committed 61336K, reserved 1103872K
  class space    used 7623K, capacity 7757K, committed 7848K, reserved 1048576K
Event: 23855.940 GC heap after
Heap after GC invocations=240 (full 12):
 PSYoungGen      total 2822656K, used 354320K [0x00000006eab00000, 0x00000007c0000000, 0x00000007c0000000)
  eden space 2149376K, 0% used [0x00000006eab00000,0x00000006eab00000,0x000000076de00000)
  from space 673280K, 52% used [0x0000000796e80000,0x00000007ac884390,0x00000007c0000000)
  to   space 672256K, 0% used [0x000000076de00000,0x000000076de00000,0x0000000796e80000)
 ParOldGen       total 6990848K, used 6522186K [0x0000000540000000, 0x00000006eab00000, 0x00000006eab00000)
  object space 6990848K, 93% used [0x0000000540000000,0x00000006ce1529e0,0x00000006eab00000)
 Metaspace       used 60449K, capacity 60900K, committed 61336K, reserved 1103872K
  class space    used 7623K, capacity 7757K, committed 7848K, reserved 1048576K
}
Event: 25734.298 GC heap before
{Heap before GC invocations=241 (full 12):
 PSYoungGen      total 2822656K, used 2503696K [0x00000006eab00000, 0x00000007c0000000, 0x00000007c0000000)
  eden space 2149376K, 100% used [0x00000006eab00000,0x000000076de00000,0x000000076de00000)
  from space 673280K, 52% used [0x0000000796e80000,0x00000007ac884390,0x00000007c0000000)
  to   space 672256K, 0% used [0x000000076de00000,0x000000076de00000,0x0000000796e80000)
 ParOldGen       total 6990848K, used 6522186K [0x0000000540000000, 0x00000006eab00000, 0x00000006eab00000)
  object space 6990848K, 93% used [0x0000000540000000,0x00000006ce1529e0,0x00000006eab00000)
 Metaspace       used 60460K, capacity 60964K, committed 61592K, reserved 1103872K
  class space    used 7623K, capacity 7757K, committed 7848K, reserved 1048576K
Event: 25736.913 GC heap after
Heap after GC invocations=241 (full 12):
 PSYoungGen      total 2464768K, used 315335K [0x00000006eab00000, 0x00000007c0000000, 0x00000007c0000000)
  eden space 2149376K, 0% used [0x00000006eab00000,0x00000006eab00000,0x000000076de00000)
  from space 315392K, 99% used [0x000000076de00000,0x00000007811f1f10,0x0000000781200000)
  to   space 675328K, 0% used [0x0000000796c80000,0x0000000796c80000,0x00000007c0000000)
 ParOldGen       total 6990848K, used 6562170K [0x0000000540000000, 0x00000006eab00000, 0x00000006eab00000)
  object space 6990848K, 93% used [0x0000000540000000,0x00000006d085e9e0,0x00000006eab00000)
 Metaspace       used 60460K, capacity 60964K, committed 61592K, reserved 1103872K
  class space    used 7623K, capacity 7757K, committed 7848K, reserved 1048576K
}
Event: 27598.404 GC heap before
{Heap before GC invocations=242 (full 12):
 PSYoungGen      total 2464768K, used 2464711K [0x00000006eab00000, 0x00000007c0000000, 0x00000007c0000000)
  eden space 2149376K, 100% used [0x00000006eab00000,0x000000076de00000,0x000000076de00000)
  from space 315392K, 99% used [0x000000076de00000,0x00000007811f1f10,0x0000000781200000)
  to   space 675328K, 0% used [0x0000000796c80000,0x0000000796c80000,0x00000007c0000000)
 ParOldGen       total 6990848K, used 6562170K [0x0000000540000000, 0x00000006eab00000, 0x00000006eab00000)
  object space 6990848K, 93% used [0x0000000540000000,0x00000006d085e9e0,0x00000006eab00000)
 Metaspace       used 60461K, capacity 60964K, committed 61592K, reserved 1103872K
  class space    used 7623K, capacity 7757K, committed 7848K, reserved 1048576K
Event: 27600.830 GC heap after
Heap after GC invocations=242 (full 12):
 PSYoungGen      total 2808320K, used 274518K [0x00000006eab00000, 0x00000007c0000000, 0x00000007c0000000)
  eden space 2132992K, 0% used [0x00000006eab00000,0x00000006eab00000,0x000000076ce00000)
  from space 675328K, 40% used [0x0000000796c80000,0x00000007a78958f0,0x00000007c0000000)
  to   space 680960K, 0% used [0x000000076ce00000,0x000000076ce00000,0x0000000796700000)
 ParOldGen       total 6990848K, used 6603937K [0x0000000540000000, 0x00000006eab00000, 0x00000006eab00000)
  object space 6990848K, 94% used [0x0000000540000000,0x00000006d3128770,0x00000006eab00000)
 Metaspace       used 60461K, capacity 60964K, committed 61592K, reserved 1103872K
  class space    used 7623K, capacity 7757K, committed 7848K, reserved 1048576K
}
Event: 29462.151 GC heap before
{Heap before GC invocations=243 (full 12):
 PSYoungGen      total 2808320K, used 2407510K [0x00000006eab00000, 0x00000007c0000000, 0x00000007c0000000)
  eden space 2132992K, 100% used [0x00000006eab00000,0x000000076ce00000,0x000000076ce00000)
  from space 675328K, 40% used [0x0000000796c80000,0x00000007a78958f0,0x00000007c0000000)
  to   space 680960K, 0% used [0x000000076ce00000,0x000000076ce00000,0x0000000796700000)
 ParOldGen       total 6990848K, used 6603937K [0x0000000540000000, 0x00000006eab00000, 0x00000006eab00000)
  object space 6990848K, 94% used [0x0000000540000000,0x00000006d3128770,0x00000006eab00000)
 Metaspace       used 60461K, capacity 60964K, committed 61592K, reserved 1103872K
  class space    used 7623K, capacity 7757K, committed 7848K, reserved 1048576K
Event: 29464.103 GC heap after
Heap after GC invocations=243 (full 12):
 PSYoungGen      total 2364928K, used 231923K [0x00000006eab00000, 0x00000007c0000000, 0x00000007c0000000)
  eden space 2132992K, 0% used [0x00000006eab00000,0x00000006eab00000,0x000000076ce00000)
  from space 231936K, 99% used [0x000000076ce00000,0x000000077b07ce00,0x000000077b080000)
  to   space 688640K, 0% used [0x0000000795f80000,0x0000000795f80000,0x00000007c0000000)
 ParOldGen       total 6990848K, used 6647717K [0x0000000540000000, 0x00000006eab00000, 0x00000006eab00000)
  object space 6990848K, 95% used [0x0000000540000000,0x00000006d5be9690,0x00000006eab00000)
 Metaspace       used 60461K, capacity 60964K, committed 61592K, reserved 1103872K
  class space    used 7623K, capacity 7757K, committed 7848K, reserved 1048576K
}

