# JRE version: Java(TM) SE Runtime Environment (8.0_72-b15) (build 1.8.0_72-b15)
# Java VM: Java HotSpot(TM) 64-Bit Server VM (25.72-b15 mixed mode bsd-amd64 compressed oops)
Heap:
 PSYoungGen      total 2831360K, used 2476032K [0x00000006eab00000, 0x00000007c0000000, 0x00000007c0000000)
  eden space 2476032K, 100% used [0x00000006eab00000,0x0000000781d00000,0x0000000781d00000)
  from space 355328K, 0% used [0x0000000781d00000,0x0000000781d00000,0x0000000797800000)
  to   space 523776K, 0% used [0x00000007a0080000,0x00000007a0080000,0x00000007c0000000)
 ParOldGen       total 6990848K, used 6990839K [0x0000000540000000, 0x00000006eab00000, 0x00000006eab00000)
  object space 6990848K, 99% used [0x0000000540000000,0x00000006eaafdc68,0x00000006eab00000)
 Metaspace       used 22477K, capacity 22726K, committed 23168K, reserved 1069056K
  class space    used 3248K, capacity 3346K, committed 3456K, reserved 1048576K
GC Heap History (10 events):
Event: 1773.980 GC heap after
Heap after GC invocations=63 (full 2):
 PSYoungGen      total 2926080K, used 0K [0x00000006eab00000, 0x00000007c0000000, 0x00000007c0000000)
  eden space 2388480K, 0% used [0x00000006eab00000,0x00000006eab00000,0x000000077c780000)
  from space 537600K, 0% used [0x000000077c780000,0x000000077c780000,0x000000079d480000)
  to   space 507904K, 0% used [0x00000007a1000000,0x00000007a1000000,0x00000007c0000000)
 ParOldGen       total 6990848K, used 6521291K [0x0000000540000000, 0x00000006eab00000, 0x00000006eab00000)
  object space 6990848K, 93% used [0x0000000540000000,0x00000006ce072de8,0x00000006eab00000)
 Metaspace       used 22476K, capacity 22726K, committed 23168K, reserved 1069056K
  class space    used 3248K, capacity 3346K, committed 3456K, reserved 1048576K
}
Event: 1814.969 GC heap before
{Heap before GC invocations=64 (full 2):
 PSYoungGen      total 2926080K, used 2388480K [0x00000006eab00000, 0x00000007c0000000, 0x00000007c0000000)
  eden space 2388480K, 100% used [0x00000006eab00000,0x000000077c780000,0x000000077c780000)
  from space 537600K, 0% used [0x000000077c780000,0x000000077c780000,0x000000079d480000)
  to   space 507904K, 0% used [0x00000007a1000000,0x00000007a1000000,0x00000007c0000000)
 ParOldGen       total 6990848K, used 6521291K [0x0000000540000000, 0x00000006eab00000, 0x00000006eab00000)
  object space 6990848K, 93% used [0x0000000540000000,0x00000006ce072de8,0x00000006eab00000)
 Metaspace       used 22477K, capacity 22726K, committed 23168K, reserved 1069056K
  class space    used 3248K, capacity 3346K, committed 3456K, reserved 1048576K
Event: 1836.220 GC heap after
Heap after GC invocations=64 (full 2):
 PSYoungGen      total 2983936K, used 312469K [0x00000006eab00000, 0x00000007c0000000, 0x00000007c0000000)
  eden space 2476032K, 0% used [0x00000006eab00000,0x00000006eab00000,0x0000000781d00000)
  from space 507904K, 61% used [0x00000007a1000000,0x00000007b4125618,0x00000007c0000000)
  to   space 509440K, 0% used [0x0000000781d00000,0x0000000781d00000,0x00000007a0e80000)
 ParOldGen       total 6990848K, used 6521291K [0x0000000540000000, 0x00000006eab00000, 0x00000006eab00000)
  object space 6990848K, 93% used [0x0000000540000000,0x00000006ce072de8,0x00000006eab00000)
 Metaspace       used 22477K, capacity 22726K, committed 23168K, reserved 1069056K
  class space    used 3248K, capacity 3346K, committed 3456K, reserved 1048576K
}
Event: 1872.610 GC heap before
{Heap before GC invocations=65 (full 2):
 PSYoungGen      total 2983936K, used 2788501K [0x00000006eab00000, 0x00000007c0000000, 0x00000007c0000000)
  eden space 2476032K, 100% used [0x00000006eab00000,0x0000000781d00000,0x0000000781d00000)
  from space 507904K, 61% used [0x00000007a1000000,0x00000007b4125618,0x00000007c0000000)
  to   space 509440K, 0% used [0x0000000781d00000,0x0000000781d00000,0x00000007a0e80000)
 ParOldGen       total 6990848K, used 6521291K [0x0000000540000000, 0x00000006eab00000, 0x00000006eab00000)
  object space 6990848K, 93% used [0x0000000540000000,0x00000006ce072de8,0x00000006eab00000)
 Metaspace       used 22477K, capacity 22726K, committed 23168K, reserved 1069056K
  class space    used 3248K, capacity 3346K, committed 3456K, reserved 1048576K
Event: 1890.327 GC heap after
Heap after GC invocations=65 (full 2):
 PSYoungGen      total 2831360K, used 354832K [0x00000006eab00000, 0x00000007c0000000, 0x00000007c0000000)
  eden space 2476032K, 0% used [0x00000006eab00000,0x00000006eab00000,0x0000000781d00000)
  from space 355328K, 99% used [0x0000000781d00000,0x0000000797784050,0x0000000797800000)
  to   space 523776K, 0% used [0x00000007a0080000,0x00000007a0080000,0x00000007c0000000)
 ParOldGen       total 6990848K, used 6834894K [0x0000000540000000, 0x00000006eab00000, 0x00000006eab00000)
  object space 6990848K, 97% used [0x0000000540000000,0x00000006e12b39b0,0x00000006eab00000)
 Metaspace       used 22477K, capacity 22726K, committed 23168K, reserved 1069056K
  class space    used 3248K, capacity 3346K, committed 3456K, reserved 1048576K
}
Event: 1890.327 GC heap before
{Heap before GC invocations=66 (full 3):
 PSYoungGen      total 2831360K, used 354832K [0x00000006eab00000, 0x00000007c0000000, 0x00000007c0000000)
  eden space 2476032K, 0% used [0x00000006eab00000,0x00000006eab00000,0x0000000781d00000)
  from space 355328K, 99% used [0x0000000781d00000,0x0000000797784050,0x0000000797800000)
  to   space 523776K, 0% used [0x00000007a0080000,0x00000007a0080000,0x00000007c0000000)
 ParOldGen       total 6990848K, used 6834894K [0x0000000540000000, 0x00000006eab00000, 0x00000006eab00000)
  object space 6990848K, 97% used [0x0000000540000000,0x00000006e12b39b0,0x00000006eab00000)
 Metaspace       used 22477K, capacity 22726K, committed 23168K, reserved 1069056K
  class space    used 3248K, capacity 3346K, committed 3456K, reserved 1048576K
Event: 2104.032 GC heap after
Heap after GC invocations=66 (full 3):
 PSYoungGen      total 2831360K, used 169182K [0x00000006eab00000, 0x00000007c0000000, 0x00000007c0000000)
  eden space 2476032K, 0% used [0x00000006eab00000,0x00000006eab00000,0x0000000781d00000)
  from space 355328K, 47% used [0x0000000781d00000,0x000000078c237be0,0x0000000797800000)
  to   space 523776K, 0% used [0x00000007a0080000,0x00000007a0080000,0x00000007c0000000)
 ParOldGen       total 6990848K, used 6990781K [0x0000000540000000, 0x00000006eab00000, 0x00000006eab00000)
  object space 6990848K, 99% used [0x0000000540000000,0x00000006eaaef7e8,0x00000006eab00000)
 Metaspace       used 22477K, capacity 22726K, committed 23168K, reserved 1069056K
  class space    used 3248K, capacity 3346K, committed 3456K, reserved 1048576K
}
Event: 2144.748 GC heap before
{Heap before GC invocations=67 (full 4):
 PSYoungGen      total 2831360K, used 2645214K [0x00000006eab00000, 0x00000007c0000000, 0x00000007c0000000)
  eden space 2476032K, 100% used [0x00000006eab00000,0x0000000781d00000,0x0000000781d00000)
  from space 355328K, 47% used [0x0000000781d00000,0x000000078c237be0,0x0000000797800000)
  to   space 523776K, 0% used [0x00000007a0080000,0x00000007a0080000,0x00000007c0000000)
 ParOldGen       total 6990848K, used 6990781K [0x0000000540000000, 0x00000006eab00000, 0x00000006eab00000)
  object space 6990848K, 99% used [0x0000000540000000,0x00000006eaaef7e8,0x00000006eab00000)
 Metaspace       used 22477K, capacity 22726K, committed 23168K, reserved 1069056K
  class space    used 3248K, capacity 3346K, committed 3456K, reserved 1048576K
Event: 2331.962 GC heap after
Heap after GC invocations=67 (full 4):
 PSYoungGen      total 2831360K, used 486149K [0x00000006eab00000, 0x00000007c0000000, 0x00000007c0000000)
  eden space 2476032K, 19% used [0x00000006eab00000,0x00000007085c1478,0x0000000781d00000)
  from space 355328K, 0% used [0x0000000781d00000,0x0000000781d00000,0x0000000797800000)
  to   space 523776K, 0% used [0x00000007a0080000,0x00000007a0080000,0x00000007c0000000)
 ParOldGen       total 6990848K, used 6990839K [0x0000000540000000, 0x00000006eab00000, 0x00000006eab00000)
  object space 6990848K, 99% used [0x0000000540000000,0x00000006eaafdc68,0x00000006eab00000)
 Metaspace       used 22477K, capacity 22726K, committed 23168K, reserved 1069056K
  class space    used 3248K, capacity 3346K, committed 3456K, reserved 1048576K
}
Event: 2351.099 GC heap before
{Heap before GC invocations=68 (full 5):
 PSYoungGen      total 2831360K, used 2476032K [0x00000006eab00000, 0x00000007c0000000, 0x00000007c0000000)
  eden space 2476032K, 100% used [0x00000006eab00000,0x0000000781d00000,0x0000000781d00000)
  from space 355328K, 0% used [0x0000000781d00000,0x0000000781d00000,0x0000000797800000)
  to   space 523776K, 0% used [0x00000007a0080000,0x00000007a0080000,0x00000007c0000000)
 ParOldGen       total 6990848K, used 6990839K [0x0000000540000000, 0x00000006eab00000, 0x00000006eab00000)
  object space 6990848K, 99% used [0x0000000540000000,0x00000006eaafdc68,0x00000006eab00000)
 Metaspace       used 22477K, capacity 22726K, committed 23168K, reserved 1069056K
  class space    used 3248K, capacity 3346K, committed 3456K, reserved 1048576K

